<?xml version="1.0" encoding="UTF-8"?>
<testng-results ignored="0" total="1" passed="0" failed="1" skipped="0">
  <reporter-output>
  </reporter-output>
  <suite started-at="2021-10-18T20:02:01 IST" name="Suite" finished-at="2021-10-18T20:02:22 IST" duration-ms="21217">
    <groups>
    </groups>
    <test started-at="2021-10-18T20:02:01 IST" name="Test" finished-at="2021-10-18T20:02:22 IST" duration-ms="21217">
      <class name="ucAppTests.UCAppTest">
        <test-method signature="ulipKotakTest(int,lib.UCAppData)[pri:0, instance:ComboAppData [iTestCaseID=0, sUsername=null, sPassword=null, sName=null, sDOB=null,sPopUp=null, sMobileNO=null, sEmail=null, sPremiumType=null, sAnuallIncome=null,sAnualIncmeAmt=null,sPolicyPeriod=null, sPolicyPremium=null,sQualification=null,sCovrageAmt=null,sCovrageAddon=null,sPanNo=null,sPincode=null , sCardno =null, sMonthcreitcrd=null, sYearcrdtcard =null, sCvvnocredtcard=null, saddline1=null,saddline2=null, saddLandmark=null,sAddharno=null, sMaritialStatus=null,sweightd=null, sHeightselctFt =null,sHeightselctinch=null, sFatherName=null, sMotherName=null, sNominGender=null,sNomineeDOb=null]]" started-at="2021-10-18T20:02:02 IST" name="ulipKotakTest" data-provider="getdata" finished-at="2021-10-18T20:02:22 IST" duration-ms="20511" status="FAIL">
          <params>
            <param index="0">
              <value>
                <![CDATA[1]]>
              </value>
            </param>
            <param index="1">
              <value>
                <![CDATA[ComboAppData [iTestCaseID=1, sUsername=harishpatil@utilizecore.com, sPassword=harishpatil@utilizecore.com, sName=harishpatil@utilizecore.com, sDOB=harishpatil@utilizecore.com,sPopUp=harishpatil@utilizecore.com, sMobileNO=harishpatil@utilizecore.com, sEmail=harishpatil@utilizecore.com, sPremiumType=harishpatil@utilizecore.com, sAnuallIncome=harishpatil@utilizecore.com,sAnualIncmeAmt=harishpatil@utilizecore.com,sPolicyPeriod=harishpatil@utilizecore.com, sPolicyPremium=harishpatil@utilizecore.com,sQualification=harishpatil@utilizecore.com,sCovrageAmt=harishpatil@utilizecore.com,sCovrageAddon=harishpatil@utilizecore.com,sPanNo=harishpatil@utilizecore.com,sPincode=harishpatil@utilizecore.com , sCardno =harishpatil@utilizecore.com, sMonthcreitcrd=harishpatil@utilizecore.com, sYearcrdtcard =harishpatil@utilizecore.com, sCvvnocredtcard=harishpatil@utilizecore.com, saddline1=harishpatil@utilizecore.com,saddline2=harishpatil@utilizecore.com, saddLandmark=harishpatil@utilizecore.com,sAddharno=harishpatil@utilizecore.com, sMaritialStatus=harishpatil@utilizecore.com,sweightd=harishpatil@utilizecore.com, sHeightselctFt =harishpatil@utilizecore.com,sHeightselctinch=harishpatil@utilizecore.com, sFatherName=harishpatil@utilizecore.com, sMotherName=harishpatil@utilizecore.com, sNominGender=harishpatil@utilizecore.com,sNomineeDOb=harishpatil@utilizecore.com]]]>
              </value>
            </param>
          </params>
          <exception class="org.openqa.selenium.WebDriverException">
            <message>
              <![CDATA[chrome not reachable
  (Session info: chrome=92.0.4515.159)
  (Driver info: chromedriver=2.41.578700 (2f1ed5f9343c13f73144538f15c00b370eda6706),platform=Linux 5.11.0-37-generic x86_64) (WARNING: The server did not provide any stacktrace information)
Command duration or timeout: 4 milliseconds
Build info: version: '2.53.1', revision: 'a36b8b1cd5757287168e54b817830adce9b0158d', time: '2016-06-30 19:26:09'
System info: host: 'harish-IdeaPad-Gaming-3-15IMH05', ip: '127.0.1.1', os.name: 'Linux', os.arch: 'amd64', os.version: '5.11.0-37-generic', java.version: '11.0.11'
Driver info: org.openqa.selenium.chrome.ChromeDriver
Capabilities [{mobileEmulationEnabled=false, hasTouchScreen=false, platform=LINUX, acceptSslCerts=false, goog:chromeOptions={debuggerAddress=localhost:37623}, acceptInsecureCerts=false, webStorageEnabled=true, browserName=chrome, takesScreenshot=true, javascriptEnabled=true, setWindowRect=true, unexpectedAlertBehaviour=, applicationCacheEnabled=false, rotatable=false, networkConnectionEnabled=false, chrome={chromedriverVersion=2.41.578700 (2f1ed5f9343c13f73144538f15c00b370eda6706), userDataDir=/tmp/.org.chromium.Chromium.dfDjRQ}, takesHeapSnapshot=true, pageLoadStrategy=normal, databaseEnabled=false, handlesAlerts=true, version=92.0.4515.159, browserConnectionEnabled=false, nativeEvents=true, locationContextEnabled=true, cssSelectorsEnabled=true}]
Session ID: 3851ad20cdf71a455189dece902ffa5e]]>
            </message>
            <full-stacktrace>
              <![CDATA[org.openqa.selenium.WebDriverException: chrome not reachable
  (Session info: chrome=92.0.4515.159)
  (Driver info: chromedriver=2.41.578700 (2f1ed5f9343c13f73144538f15c00b370eda6706),platform=Linux 5.11.0-37-generic x86_64) (WARNING: The server did not provide any stacktrace information)
Command duration or timeout: 4 milliseconds
Build info: version: '2.53.1', revision: 'a36b8b1cd5757287168e54b817830adce9b0158d', time: '2016-06-30 19:26:09'
System info: host: 'harish-IdeaPad-Gaming-3-15IMH05', ip: '127.0.1.1', os.name: 'Linux', os.arch: 'amd64', os.version: '5.11.0-37-generic', java.version: '11.0.11'
Driver info: org.openqa.selenium.chrome.ChromeDriver
Capabilities [{mobileEmulationEnabled=false, hasTouchScreen=false, platform=LINUX, acceptSslCerts=false, goog:chromeOptions={debuggerAddress=localhost:37623}, acceptInsecureCerts=false, webStorageEnabled=true, browserName=chrome, takesScreenshot=true, javascriptEnabled=true, setWindowRect=true, unexpectedAlertBehaviour=, applicationCacheEnabled=false, rotatable=false, networkConnectionEnabled=false, chrome={chromedriverVersion=2.41.578700 (2f1ed5f9343c13f73144538f15c00b370eda6706), userDataDir=/tmp/.org.chromium.Chromium.dfDjRQ}, takesHeapSnapshot=true, pageLoadStrategy=normal, databaseEnabled=false, handlesAlerts=true, version=92.0.4515.159, browserConnectionEnabled=false, nativeEvents=true, locationContextEnabled=true, cssSelectorsEnabled=true}]
Session ID: 3851ad20cdf71a455189dece902ffa5e
at java.base/jdk.internal.reflect.NativeConstructorAccessorImpl.newInstance0(Native Method)
at java.base/jdk.internal.reflect.NativeConstructorAccessorImpl.newInstance(NativeConstructorAccessorImpl.java:62)
at java.base/jdk.internal.reflect.DelegatingConstructorAccessorImpl.newInstance(DelegatingConstructorAccessorImpl.java:45)
at java.base/java.lang.reflect.Constructor.newInstance(Constructor.java:490)
at org.openqa.selenium.remote.ErrorHandler.createThrowable(ErrorHandler.java:206)
at org.openqa.selenium.remote.ErrorHandler.throwIfResponseFailed(ErrorHandler.java:158)
at org.openqa.selenium.remote.RemoteWebDriver.execute(RemoteWebDriver.java:678)
at org.openqa.selenium.remote.RemoteWebDriver.execute(RemoteWebDriver.java:701)
at org.openqa.selenium.remote.RemoteWebDriver.getScreenshotAs(RemoteWebDriver.java:335)
at lib.BaseClass.vTakeImage(BaseClass.java:111)
at lib.BaseClass.vTakeImage(BaseClass.java:99)
at ucAppTests.UCAppTest.ulipKotakTest(UCAppTest.java:343)
at java.base/jdk.internal.reflect.NativeMethodAccessorImpl.invoke0(Native Method)
at java.base/jdk.internal.reflect.NativeMethodAccessorImpl.invoke(NativeMethodAccessorImpl.java:62)
at java.base/jdk.internal.reflect.DelegatingMethodAccessorImpl.invoke(DelegatingMethodAccessorImpl.java:43)
at java.base/java.lang.reflect.Method.invoke(Method.java:566)
at org.testng.internal.MethodInvocationHelper.invokeMethod(MethodInvocationHelper.java:133)
at org.testng.internal.TestInvoker.invokeMethod(TestInvoker.java:598)
at org.testng.internal.TestInvoker.invokeTestMethod(TestInvoker.java:173)
at org.testng.internal.MethodRunner.runInSequence(MethodRunner.java:46)
at org.testng.internal.TestInvoker$MethodInvocationAgent.invoke(TestInvoker.java:824)
at org.testng.internal.TestInvoker.invokeTestMethods(TestInvoker.java:146)
at org.testng.internal.TestMethodWorker.invokeTestMethods(TestMethodWorker.java:146)
at org.testng.internal.TestMethodWorker.run(TestMethodWorker.java:128)
at java.base/java.util.ArrayList.forEach(ArrayList.java:1541)
at org.testng.TestRunner.privateRun(TestRunner.java:794)
at org.testng.TestRunner.run(TestRunner.java:596)
at org.testng.SuiteRunner.runTest(SuiteRunner.java:377)
at org.testng.SuiteRunner.runSequentially(SuiteRunner.java:371)
at org.testng.SuiteRunner.privateRun(SuiteRunner.java:332)
at org.testng.SuiteRunner.run(SuiteRunner.java:276)
at org.testng.SuiteRunnerWorker.runSuite(SuiteRunnerWorker.java:53)
at org.testng.SuiteRunnerWorker.run(SuiteRunnerWorker.java:96)
at org.testng.TestNG.runSuitesSequentially(TestNG.java:1212)
at org.testng.TestNG.runSuitesLocally(TestNG.java:1134)
at org.testng.TestNG.runSuites(TestNG.java:1063)
at org.testng.TestNG.run(TestNG.java:1031)
at org.testng.remote.AbstractRemoteTestNG.run(AbstractRemoteTestNG.java:115)
at org.testng.remote.RemoteTestNG.initAndRun(RemoteTestNG.java:251)
at org.testng.remote.RemoteTestNG.main(RemoteTestNG.java:77)
]]>
            </full-stacktrace>
          </exception> <!-- org.openqa.selenium.WebDriverException -->
          <reporter-output>
          </reporter-output>
        </test-method> <!-- ulipKotakTest -->
      </class> <!-- ucAppTests.UCAppTest -->
      <class name="lib.CommonClass">
        <test-method is-config="true" signature="setup(org.testng.ITestContext,java.lang.Boolean,java.lang.Boolean,java.lang.String,java.lang.String,java.lang.String,java.lang.String,int,int,int,int,java.lang.String)[pri:0, instance:lib.CommonClass@1018bde2]" started-at="2021-10-18T20:02:01 IST" name="setup" finished-at="2021-10-18T20:02:01 IST" duration-ms="69" status="PASS">
          <params>
            <param index="0">
              <value>
                <![CDATA[org.testng.TestRunner@2c779e5]]>
              </value>
            </param>
            <param index="1">
              <value>
                <![CDATA[true]]>
              </value>
            </param>
            <param index="2">
              <value>
                <![CDATA[true]]>
              </value>
            </param>
            <param index="3">
              <value>
                <![CDATA[/usr/bin/chromedriver]]>
              </value>
            </param>
            <param index="4">
              <value>
                <![CDATA[/usr/bin/chromedriver/IEDriverServer.exe]]>
              </value>
            </param>
            <param index="5">
              <value>
                <![CDATA[/home/harish/Desktop/Selenim_projects/testing-framework/FIG_App/test-output/]]>
              </value>
            </param>
            <param index="6">
              <value>
                <![CDATA[/home/harish/Desktop/Selenim_projects/testing-framework/FIG_App/Images/]]>
              </value>
            </param>
            <param index="7">
              <value>
                <![CDATA[20]]>
              </value>
            </param>
            <param index="8">
              <value>
                <![CDATA[2000]]>
              </value>
            </param>
            <param index="9">
              <value>
                <![CDATA[4000]]>
              </value>
            </param>
            <param index="10">
              <value>
                <![CDATA[6000]]>
              </value>
            </param>
            <param index="11">
              <value>
                <![CDATA[https://majesticfacility.staging.utilizecore.com/]]>
              </value>
            </param>
          </params>
          <reporter-output>
          </reporter-output>
        </test-method> <!-- setup -->
        <test-method is-config="true" signature="setUp(java.lang.String,java.lang.String,java.lang.String,int)[pri:0, instance:lib.CommonClass@1018bde2]" started-at="2021-10-18T20:02:01 IST" name="setUp" finished-at="2021-10-18T20:02:02 IST" duration-ms="605" status="PASS">
          <params>
            <param index="0">
              <value>
                <![CDATA[chrome]]>
              </value>
            </param>
            <param index="1">
              <value>
                <![CDATA[data/data.xls]]>
              </value>
            </param>
            <param index="2">
              <value>
                <![CDATA[Sheet1]]>
              </value>
            </param>
            <param index="3">
              <value>
                <![CDATA[1]]>
              </value>
            </param>
          </params>
          <reporter-output>
          </reporter-output>
        </test-method> <!-- setUp -->
        <test-method is-config="true" signature="tearDown()[pri:0, instance:lib.CommonClass@1018bde2]" started-at="2021-10-18T20:02:22 IST" name="tearDown" finished-at="2021-10-18T20:02:22 IST" duration-ms="1" status="PASS">
          <reporter-output>
          </reporter-output>
        </test-method> <!-- tearDown -->
      </class> <!-- lib.CommonClass -->
    </test> <!-- Test -->
  </suite> <!-- Suite -->
</testng-results>
